<?xml version="1.0" encoding="UTF-8"?>
<!-- Generated by org.testng.reporters.JUnitReportReporter -->
<testsuite hostname="JOKINGLUCIFER" failures="0" tests="18" name="project_name.tests.UsedCarsTest" time="284.586" errors="0" timestamp="2022-11-15T19:00:42 IST" skipped="0">
  <testcase classname="project_name.tests.UsedCarsTest" name="navigateUsedCars" time="11.169"/>
  <system-out/>
  <testcase classname="project_name.tests.UsedCarsTest" name="selectCitydelhi" time="16.785"/>
  <system-out/>
  <testcase classname="project_name.tests.UsedCarsTest" name="selectCityBanglore" time="17.496"/>
  <system-out/>
  <testcase classname="project_name.tests.UsedCarsTest" name="selectCityChennai" time="13.573"/>
  <system-out/>
  <testcase classname="project_name.tests.UsedCarsTest" name="carsUnder2Lakhs" time="14.449"/>
  <system-out/>
  <testcase classname="project_name.tests.UsedCarsTest" name="carsUnder5Lakhs" time="14.944"/>
  <system-out/>
  <testcase classname="project_name.tests.UsedCarsTest" name="carsUnder10Lakhs" time="15.381"/>
  <system-out/>
  <testcase classname="project_name.tests.UsedCarsTest" name="hyundaiI10Cars" time="18.763"/>
  <system-out/>
  <testcase classname="project_name.tests.UsedCarsTest" name="maruti800Cars" time="18.895"/>
  <system-out/>
  <testcase classname="project_name.tests.UsedCarsTest" name="marutiSwiftCars" time="18.813"/>
  <system-out/>
  <testcase classname="project_name.tests.UsedCarsTest" name="popularModelsList" time="17.730"/>
  <system-out/>
  <testcase classname="project_name.tests.UsedCarsTest" name="resetFilter" time="18.697"/>
  <system-out/>
  <testcase classname="project_name.tests.UsedCarsTest" name="sortByRevelency" time="12.127"/>
  <system-out/>
  <testcase classname="project_name.tests.UsedCarsTest" name="sortByRecency" time="12.261"/>
  <system-out/>
  <testcase classname="project_name.tests.UsedCarsTest" name="sortByKmsDrivenLow_High" time="13.849"/>
  <system-out/>
  <testcase classname="project_name.tests.UsedCarsTest" name="displayInList" time="15.326"/>
  <system-out/>
  <testcase classname="project_name.tests.UsedCarsTest" name="displayInGrid" time="15.199"/>
  <system-out/>
  <testcase classname="project_name.tests.UsedCarsTest" name="modelSeacrch" time="19.129"/>
  <system-out/>
</testsuite> <!-- project_name.tests.UsedCarsTest -->
