<?xml version="1.0" encoding="UTF-8"?>
<!-- Generated by org.testng.reporters.JUnitReportReporter -->
<testsuite hostname="JOKINGLUCIFER" failures="0" tests="4" name="project_name.tests.UsedCarsTest" time="91.467" errors="0" timestamp="2022-11-15T12:09:55 IST" skipped="0">
  <testcase classname="project_name.tests.UsedCarsTest" name="navigateUsedCars" time="20.822"/>
  <system-out/>
  <testcase classname="project_name.tests.UsedCarsTest" name="selectCitydelhi" time="20.612"/>
  <system-out/>
  <testcase classname="project_name.tests.UsedCarsTest" name="selectCityBanglore" time="25.574"/>
  <system-out/>
  <testcase classname="project_name.tests.UsedCarsTest" name="selectCityChennai" time="24.459"/>
  <system-out/>
</testsuite> <!-- project_name.tests.UsedCarsTest -->
